java/app/build/intermediates/manifest_merge_blame_file/release/manifest-merger-blame-release-report.txt
1<?xml version="1.0" encoding="utf-8"?>
2<manifest xmlns:android="http://schemas.android.com/apk/res/android"
3    package="com.android.lucasDemoMap"
4    android:versionCode="1"
5    android:versionName="1.0" >
6
7    <uses-sdk
8        android:minSdkVersion="19"
8-->src\main\AndroidManifest.xml
9        android:targetSdkVersion="30" />
9-->src\main\AndroidManifest.xml
10
11    <uses-permission
11-->src\main\AndroidManifest.xml:3:5-108
12        android:name="android.permission.WRITE_EXTERNAL_STORAGE"
12-->src\main\AndroidManifest.xml:3:22-78
13        android:maxSdkVersion="22" />
13-->src\main\AndroidManifest.xml:3:79-105
14    <uses-permission
14-->src\main\AndroidManifest.xml:4:5-107
15        android:name="android.permission.READ_EXTERNAL_STORAGE"
15-->src\main\AndroidManifest.xml:4:22-77
16        android:maxSdkVersion="22" />
16-->src\main\AndroidManifest.xml:4:78-104
17    <uses-permission android:name="android.permission.ACCESS_COARSE_LOCATION" />
17-->src\main\AndroidManifest.xml:5:5-81
17-->src\main\AndroidManifest.xml:5:22-78
18    <uses-permission android:name="android.permission.ACCESS_FINE_LOCATION" />
18-->src\main\AndroidManifest.xml:6:5-79
18-->src\main\AndroidManifest.xml:6:22-76
19    <uses-permission android:name="android.permission.INTERNET" />
19-->src\main\AndroidManifest.xml:7:5-67
19-->src\main\AndroidManifest.xml:7:22-64
20    <uses-permission android:name="android.permission.ACCESS_NETWORK_STATE" />
20-->src\main\AndroidManifest.xml:8:5-79
20-->src\main\AndroidManifest.xml:8:22-76
21    <uses-permission android:name="com.huawei.appmarket.service.commondata.permission.GET_COMMON_DATA" />
21-->src\main\AndroidManifest.xml:9:5-106
21-->src\main\AndroidManifest.xml:9:22-103
22    <uses-permission android:name="android.permission.CHANGE_WIFI_STATE" />
22-->src\main\AndroidManifest.xml:10:5-76
22-->src\main\AndroidManifest.xml:10:22-73
23
24    <queries>
24-->src\main\AndroidManifest.xml:44:5-48:15
25        <intent>
25-->src\main\AndroidManifest.xml:45:9-47:18
26            <action android:name="com.huawei.hms.core.aidlservice" />
26-->src\main\AndroidManifest.xml:46:13-70
26-->src\main\AndroidManifest.xml:46:21-67
27        </intent>
28
29        <package android:name="com.huawei.hms" />
29-->[com.huawei.hms:dynamic-api:1.0.17.300] AndroidManifest.xml:12:9-50
29-->[com.huawei.hms:dynamic-api:1.0.17.300] AndroidManifest.xml:12:18-47
30        <package android:name="com.huawei.hwid" />
30-->[com.huawei.hms:dynamic-api:1.0.17.300] AndroidManifest.xml:13:9-51
30-->[com.huawei.hms:dynamic-api:1.0.17.300] AndroidManifest.xml:13:18-48
31    </queries>
32    <!-- 如果是安卓8.0，应用编译配置的targetSdkVersion>=26，请务必添加以下权限 -->
33    <uses-permission android:name="android.permission.REQUEST_INSTALL_PACKAGES" />
33-->[com.huawei.hms:availableupdate:5.1.0.300] AndroidManifest.xml:16:5-83
33-->[com.huawei.hms:availableupdate:5.1.0.300] AndroidManifest.xml:16:22-80
34
35    <application
35-->src\main\AndroidManifest.xml:11:5-43:19
36        android:allowBackup="false"
36-->src\main\AndroidManifest.xml:11:18-45
37        android:appComponentFactory="androidx.core.app.CoreComponentFactory"
37-->[androidx.core:core:1.0.1] AndroidManifest.xml:22:18-86
38        android:icon="@drawable/icon"
38-->src\main\AndroidManifest.xml:11:46-75
39        android:label="@string/app_name"
39-->src\main\AndroidManifest.xml:11:76-108
40        android:roundIcon="@mipmap/ic_launcher_round"
40-->src\main\AndroidManifest.xml:11:109-154
41        android:supportsRtl="true"
41-->src\main\AndroidManifest.xml:11:155-181
42        android:theme="@style/AppTheme" >
42-->src\main\AndroidManifest.xml:11:182-213
43        <activity
43-->src\main\AndroidManifest.xml:12:9-17:20
44            android:name="com.android.lucasDemoMap.MainActivity"
44-->src\main\AndroidManifest.xml:12:19-47
45            android:theme="@style/Theme.AppCompat.Light.NoActionBar" >
45-->src\main\AndroidManifest.xml:12:48-104
46            <intent-filter>
46-->src\main\AndroidManifest.xml:13:13-16:29
47                <action android:name="android.intent.action.MAIN" />
47-->src\main\AndroidManifest.xml:14:17-69
47-->src\main\AndroidManifest.xml:14:25-66
48
49                <category android:name="android.intent.category.LAUNCHER" />
49-->src\main\AndroidManifest.xml:15:17-77
49-->src\main\AndroidManifest.xml:15:27-74
50            </intent-filter>
51        </activity>
52        <activity
52-->src\main\AndroidManifest.xml:18:9-83
53            android:name="com.android.lucasDemoMap.CircleDemoActivity"
53-->src\main\AndroidManifest.xml:18:19-53
54            android:label="CircleDemo" />
54-->src\main\AndroidManifest.xml:18:54-80
55        <activity
55-->src\main\AndroidManifest.xml:19:9-87
56            android:name="com.android.lucasDemoMap.ControlsDemoActivity"
56-->src\main\AndroidManifest.xml:19:19-55
57            android:label="ControlsDemo" />
57-->src\main\AndroidManifest.xml:19:56-84
58        <activity
58-->src\main\AndroidManifest.xml:20:9-85
59            android:name="com.android.lucasDemoMap.GestureDemoActivity"
59-->src\main\AndroidManifest.xml:20:19-54
60            android:label="GestureDemo" />
60-->src\main\AndroidManifest.xml:20:55-82
61        <activity
61-->src\main\AndroidManifest.xml:21:9-97
62            android:name="com.android.lucasDemoMap.GroundOverlayDemoActivity"
62-->src\main\AndroidManifest.xml:21:19-60
63            android:label="GroundOverlayDemo" />
63-->src\main\AndroidManifest.xml:21:61-94
64        <activity
64-->src\main\AndroidManifest.xml:22:9-87
65            android:name="com.android.lucasDemoMap.LiteModeDemoActivity"
65-->src\main\AndroidManifest.xml:22:19-55
66            android:label="LiteModeDemo" />
66-->src\main\AndroidManifest.xml:22:56-84
67        <activity
67-->src\main\AndroidManifest.xml:23:9-91
68            android:name="com.android.lucasDemoMap.MapFunctionsDemoActivity"
68-->src\main\AndroidManifest.xml:23:19-59
69            android:label="MapFunctions" />
69-->src\main\AndroidManifest.xml:23:60-88
70        <activity
70-->src\main\AndroidManifest.xml:24:9-95
71            android:name="com.android.lucasDemoMap.MoreLanguageDemoActivity"
71-->src\main\AndroidManifest.xml:24:19-59
72            android:label="MoreLanguageDemo" />
72-->src\main\AndroidManifest.xml:24:60-92
73        <activity
73-->src\main\AndroidManifest.xml:25:9-85
74            android:name="com.android.lucasDemoMap.PolygonDemoActivity"
74-->src\main\AndroidManifest.xml:25:19-54
75            android:label="PolygonDemo" />
75-->src\main\AndroidManifest.xml:25:55-82
76        <activity
76-->src\main\AndroidManifest.xml:26:9-87
77            android:name="com.android.lucasDemoMap.PolylineDemoActivity"
77-->src\main\AndroidManifest.xml:26:19-55
78            android:label="PolylineDemo" />
78-->src\main\AndroidManifest.xml:26:56-84
79        <activity
79-->src\main\AndroidManifest.xml:27:9-99
80            android:name="com.android.lucasDemoMap.LocationSourceDemoActivity"
80-->src\main\AndroidManifest.xml:27:19-61
81            android:label="LocationSourceDemo" />
81-->src\main\AndroidManifest.xml:27:62-96
82        <activity
82-->src\main\AndroidManifest.xml:28:9-83
83            android:name="com.android.lucasDemoMap.MarkerDemoActivity"
83-->src\main\AndroidManifest.xml:28:19-53
84            android:label="MarkerDemo" />
84-->src\main\AndroidManifest.xml:28:54-80
85        <activity
85-->src\main\AndroidManifest.xml:29:9-103
86            android:name="com.android.lucasDemoMap.MarkerClusteringDemoActivity"
86-->src\main\AndroidManifest.xml:29:19-63
87            android:label="MarkerClusteringDemo" />
87-->src\main\AndroidManifest.xml:29:64-100
88        <activity
88-->src\main\AndroidManifest.xml:30:9-83
89            android:name="com.android.lucasDemoMap.CameraDemoActivity"
89-->src\main\AndroidManifest.xml:30:19-53
90            android:label="CameraDemo" />
90-->src\main\AndroidManifest.xml:30:54-80
91        <activity
91-->src\main\AndroidManifest.xml:31:9-87
92            android:name="com.android.lucasDemoMap.BasicMapDemoActivity"
92-->src\main\AndroidManifest.xml:31:19-55
93            android:label="BasicMapDemo" />
93-->src\main\AndroidManifest.xml:31:56-84
94        <activity
94-->src\main\AndroidManifest.xml:32:9-93
95            android:name="com.android.lucasDemoMap.MapFragmentDemoActivity"
95-->src\main\AndroidManifest.xml:32:19-58
96            android:label="MapFragmentDemo" />
96-->src\main\AndroidManifest.xml:32:59-90
97        <activity
97-->src\main\AndroidManifest.xml:33:9-85
98            android:name="com.android.lucasDemoMap.MapViewDemoActivity"
98-->src\main\AndroidManifest.xml:33:19-54
99            android:label="MapViewDemo" />
99-->src\main\AndroidManifest.xml:33:55-82
100        <activity
100-->src\main\AndroidManifest.xml:34:9-91
101            android:name="com.android.lucasDemoMap.SupportMapDemoActivity"
101-->src\main\AndroidManifest.xml:34:19-57
102            android:label="SupportMapDemo" />
102-->src\main\AndroidManifest.xml:34:58-88
103        <activity
103-->src\main\AndroidManifest.xml:35:9-99
104            android:name="com.android.lucasDemoMap.SupportMapCodeDemoActivity"
104-->src\main\AndroidManifest.xml:35:19-61
105            android:label="SupportMapCodeDemo" />
105-->src\main\AndroidManifest.xml:35:62-96
106        <activity
106-->src\main\AndroidManifest.xml:36:9-93
107            android:name="com.android.lucasDemoMap.MapViewCodeDemoActivity"
107-->src\main\AndroidManifest.xml:36:19-58
108            android:label="MapViewCodeDemo" />
108-->src\main\AndroidManifest.xml:36:59-90
109        <activity
109-->src\main\AndroidManifest.xml:37:9-101
110            android:name="com.android.lucasDemoMap.MapFragmentCodeDemoActivity"
110-->src\main\AndroidManifest.xml:37:19-62
111            android:label="MapFragmentCodeDemo" />
111-->src\main\AndroidManifest.xml:37:63-98
112        <activity
112-->src\main\AndroidManifest.xml:38:9-87
113            android:name="com.android.lucasDemoMap.StyleMapDemoActivity"
113-->src\main\AndroidManifest.xml:38:19-55
114            android:label="StyleMapDemo" />
114-->src\main\AndroidManifest.xml:38:56-84
115        <activity
115-->src\main\AndroidManifest.xml:39:9-83
116            android:name="com.android.lucasDemoMap.EventsDemoActivity"
116-->src\main\AndroidManifest.xml:39:19-53
117            android:label="EventsDemo" />
117-->src\main\AndroidManifest.xml:39:54-80
118        <activity
118-->src\main\AndroidManifest.xml:40:9-97
119            android:name="com.android.lucasDemoMap.RoutePlanningDemoActivity"
119-->src\main\AndroidManifest.xml:40:19-60
120            android:label="RoutePlanningDemo" />
120-->src\main\AndroidManifest.xml:40:61-94
121
122        <meta-data
122-->src\main\AndroidManifest.xml:41:9-103
123            android:name="com.huawei.hms.client.channel.androidMarket"
123-->src\main\AndroidManifest.xml:41:20-78
124            android:value="false" />
124-->src\main\AndroidManifest.xml:41:79-100
125        <meta-data
125-->src\main\AndroidManifest.xml:42:9-93
126            android:name="com.huawei.hms.client.appid"
126-->src\main\AndroidManifest.xml:42:20-62
127            android:value="appid=appid" />
127-->src\main\AndroidManifest.xml:42:63-90
128        <meta-data
128-->[com.huawei.hms:maps:6.0.0.301] AndroidManifest.xml:12:9-14:41
129            android:name="com.huawei.hms.map.version"
129-->[com.huawei.hms:maps:6.0.0.301] AndroidManifest.xml:13:13-54
130            android:value="5.0.1.300" />
130-->[com.huawei.hms:maps:6.0.0.301] AndroidManifest.xml:14:13-38
131        <meta-data
131-->[com.huawei.hms:maps:6.0.0.301] AndroidManifest.xml:15:9-17:46
132            android:name="com.huawei.hms.client.service.name:maps"
132-->[com.huawei.hms:maps:6.0.0.301] AndroidManifest.xml:16:13-67
133            android:value="maps:6.0.0.301" />
133-->[com.huawei.hms:maps:6.0.0.301] AndroidManifest.xml:17:13-43
134        <meta-data
134-->[com.huawei.hms:maps:6.0.0.301] AndroidManifest.xml:18:9-20:34
135            android:name="com.huawei.hms.min_api_level:maps:huawei_module_maps"
135-->[com.huawei.hms:maps:6.0.0.301] AndroidManifest.xml:19:13-80
136            android:value="10" />
136-->[com.huawei.hms:maps:6.0.0.301] AndroidManifest.xml:20:13-31
137        <meta-data
137-->[com.huawei.hms:maps:6.0.0.301] AndroidManifest.xml:21:9-23:34
138            android:name="com.huawei.hms.min_api_level:maps:huawei_module_huaweimaps"
138-->[com.huawei.hms:maps:6.0.0.301] AndroidManifest.xml:22:13-86
139            android:value="10" /> <!-- 声明Kit SDK的名称和版本号 -->
139-->[com.huawei.hms:maps:6.0.0.301] AndroidManifest.xml:23:13-31
140        <!-- Declare the SDK name and version -->
141        <meta-data
141-->[com.huawei.hms:location:5.1.0.300] AndroidManifest.xml:15:9-17:52
142            android:name="com.huawei.hms.client.service.name:location"
142-->[com.huawei.hms:location:5.1.0.300] AndroidManifest.xml:16:13-71
143            android:value="location:SDK-VERSION" /> <!-- 声明对Kit服务依赖的最低API Level -->
143-->[com.huawei.hms:location:5.1.0.300] AndroidManifest.xml:17:13-49
144        <!-- Declare minSdkVersion required for using the kit -->
145        <meta-data
145-->[com.huawei.hms:location:5.1.0.300] AndroidManifest.xml:20:9-22:33
146            android:name="com.huawei.hms.min_api_level:location:location"
146-->[com.huawei.hms:location:5.1.0.300] AndroidManifest.xml:21:13-74
147            android:value="1" /> <!-- 关掉打点上报初始化 -->
147-->[com.huawei.hms:location:5.1.0.300] AndroidManifest.xml:22:13-30
148        <!-- Disable reporting of O&M logs -->
149        <meta-data
149-->[com.huawei.hms:location:5.1.0.300] AndroidManifest.xml:25:9-27:36
150            android:name="com.huawei.hms.client.bi.setting"
150-->[com.huawei.hms:location:5.1.0.300] AndroidManifest.xml:26:13-60
151            android:value="true" />
151-->[com.huawei.hms:location:5.1.0.300] AndroidManifest.xml:27:13-33
152        <!--
153        为后续统计第三方app集成了哪些Kit，因此需要Kit在自己的AndroidManifest.xml文件中定义业务标签元数据，
154        流水线打包时会替换成HMSVER对应的版本号，不要手动修改
155        -->
156        <meta-data
156-->[com.huawei.hms:base:5.1.0.300] AndroidManifest.xml:18:9-20:46
157            android:name="com.huawei.hms.client.service.name:base"
157-->[com.huawei.hms:base:5.1.0.300] AndroidManifest.xml:19:13-67
158            android:value="base:5.1.0.300" /> <!-- SDK依赖的HMSCore的最低api level元数据 -->
158-->[com.huawei.hms:base:5.1.0.300] AndroidManifest.xml:20:13-43
159        <meta-data
159-->[com.huawei.hms:base:5.1.0.300] AndroidManifest.xml:23:9-25:33
160            android:name="com.huawei.hms.min_api_level:base:hmscore"
160-->[com.huawei.hms:base:5.1.0.300] AndroidManifest.xml:24:13-69
161            android:value="1" />
161-->[com.huawei.hms:base:5.1.0.300] AndroidManifest.xml:25:13-30
162        <meta-data
162-->[com.huawei.hms:dynamic-api:1.0.17.300] AndroidManifest.xml:17:9-19:54
163            android:name="com.huawei.hms.client.service.name:dynamic-api"
163-->[com.huawei.hms:dynamic-api:1.0.17.300] AndroidManifest.xml:18:13-74
164            android:value="dynamic-api:1.0.17.300" />
164-->[com.huawei.hms:dynamic-api:1.0.17.300] AndroidManifest.xml:19:13-51
165        <meta-data
165-->[com.huawei.hms:dynamic-api:1.0.17.300] AndroidManifest.xml:20:9-22:33
166            android:name="com.huawei.hms.min_api_level:dynamic-api:huawei_module_dynamicloader"
166-->[com.huawei.hms:dynamic-api:1.0.17.300] AndroidManifest.xml:21:13-96
167            android:value="6" /> <!-- 用于判断是否集成了本lib -->
167-->[com.huawei.hms:dynamic-api:1.0.17.300] AndroidManifest.xml:22:13-30
168        <meta-data
168-->[com.huawei.hms:availableupdate:5.1.0.300] AndroidManifest.xml:23:9-25:35
169            android:name="availableLoaded"
169-->[com.huawei.hms:availableupdate:5.1.0.300] AndroidManifest.xml:24:13-43
170            android:value="yes" />
170-->[com.huawei.hms:availableupdate:5.1.0.300] AndroidManifest.xml:25:13-32
171
172        <provider
172-->[com.huawei.hms:availableupdate:5.1.0.300] AndroidManifest.xml:27:9-32:20
173            android:name="com.huawei.hms.update.provider.UpdateProvider"
173-->[com.huawei.hms:availableupdate:5.1.0.300] AndroidManifest.xml:28:13-73
174            android:authorities="com.android.lucasDemoMap.hms.update.provider"
174-->[com.huawei.hms:availableupdate:5.1.0.300] AndroidManifest.xml:29:13-71
175            android:exported="false"
175-->[com.huawei.hms:availableupdate:5.1.0.300] AndroidManifest.xml:30:13-37
176            android:grantUriPermissions="true" >
176-->[com.huawei.hms:availableupdate:5.1.0.300] AndroidManifest.xml:31:13-47
177        </provider>
178
179        <activity
179-->[com.huawei.hms:ui:5.1.0.300] AndroidManifest.xml:10:9-21:20
180            android:name="com.huawei.hms.activity.BridgeActivity"
180-->[com.huawei.hms:ui:5.1.0.300] AndroidManifest.xml:11:13-66
181            android:configChanges="orientation|locale|layoutDirection|fontScale|screenSize|smallestScreenSize|screenLayout|uiMode"
181-->[com.huawei.hms:ui:5.1.0.300] AndroidManifest.xml:12:13-131
182            android:excludeFromRecents="true"
182-->[com.huawei.hms:ui:5.1.0.300] AndroidManifest.xml:13:13-46
183            android:exported="false"
183-->[com.huawei.hms:ui:5.1.0.300] AndroidManifest.xml:14:13-37
184            android:hardwareAccelerated="true"
184-->[com.huawei.hms:ui:5.1.0.300] AndroidManifest.xml:15:13-47
185            android:screenOrientation="behind"
185-->[com.huawei.hms:ui:5.1.0.300] AndroidManifest.xml:16:13-47
186            android:theme="@android:style/Theme.Translucent" >
186-->[com.huawei.hms:ui:5.1.0.300] AndroidManifest.xml:17:13-61
187            <meta-data
187-->[com.huawei.hms:ui:5.1.0.300] AndroidManifest.xml:18:13-20:77
188                android:name="hwc-theme"
188-->[com.huawei.hms:ui:5.1.0.300] AndroidManifest.xml:19:17-41
189                android:value="androidhwext:style/Theme.Emui.Translucent" />
189-->[com.huawei.hms:ui:5.1.0.300] AndroidManifest.xml:20:17-74
190        </activity>
191        <activity
191-->[com.huawei.hms:ui:5.1.0.300] AndroidManifest.xml:22:9-26:20
192            android:name="com.huawei.hms.activity.EnableServiceActivity"
192-->[com.huawei.hms:ui:5.1.0.300] AndroidManifest.xml:23:13-73
193            android:configChanges="orientation|keyboardHidden|screenSize|smallestScreenSize|screenLayout"
193-->[com.huawei.hms:ui:5.1.0.300] AndroidManifest.xml:24:13-106
194            android:exported="false" >
194-->[com.huawei.hms:ui:5.1.0.300] AndroidManifest.xml:25:13-37
195        </activity>
196
197        <provider
197-->[com.huawei.agconnect:agconnect-core:1.4.2.300] AndroidManifest.xml:11:9-14:40
198            android:name="com.huawei.agconnect.core.provider.AGConnectInitializeProvider"
198-->[com.huawei.agconnect:agconnect-core:1.4.2.300] AndroidManifest.xml:12:13-90
199            android:authorities="com.android.lucasDemoMap.AGCInitializeProvider"
199-->[com.huawei.agconnect:agconnect-core:1.4.2.300] AndroidManifest.xml:13:13-73
200            android:exported="false" />
200-->[com.huawei.agconnect:agconnect-core:1.4.2.300] AndroidManifest.xml:14:13-37
201
202        <service
202-->[com.huawei.agconnect:agconnect-core:1.4.2.300] AndroidManifest.xml:16:9-18:40
203            android:name="com.huawei.agconnect.core.ServiceDiscovery"
203-->[com.huawei.agconnect:agconnect-core:1.4.2.300] AndroidManifest.xml:17:13-70
204            android:exported="false" />
204-->[com.huawei.agconnect:agconnect-core:1.4.2.300] AndroidManifest.xml:18:13-37
205
206        <activity
206-->[com.huawei.hms:update:2.0.7.302] AndroidManifest.xml:21:9-29:20
207            android:name="com.huawei.updatesdk.service.otaupdate.AppUpdateActivity"
207-->[com.huawei.hms:update:2.0.7.302] AndroidManifest.xml:22:13-84
208            android:configChanges="orientation|screenSize"
208-->[com.huawei.hms:update:2.0.7.302] AndroidManifest.xml:23:13-59
209            android:exported="false"
209-->[com.huawei.hms:update:2.0.7.302] AndroidManifest.xml:24:13-37
210            android:theme="@android:style/Theme.Translucent.NoTitleBar" >
210-->[com.huawei.hms:update:2.0.7.302] AndroidManifest.xml:25:13-72
211            <meta-data
211-->[com.huawei.hms:ui:5.1.0.300] AndroidManifest.xml:18:13-20:77
212                android:name="hwc-theme"
212-->[com.huawei.hms:ui:5.1.0.300] AndroidManifest.xml:19:17-41
213                android:value="androidhwext:style/Theme.Emui.Translucent.NoTitleBar" />
213-->[com.huawei.hms:ui:5.1.0.300] AndroidManifest.xml:20:17-74
214        </activity>
215        <activity
215-->[com.huawei.hms:update:2.0.7.302] AndroidManifest.xml:30:9-38:20
216            android:name="com.huawei.updatesdk.support.pm.PackageInstallerActivity"
216-->[com.huawei.hms:update:2.0.7.302] AndroidManifest.xml:31:13-84
217            android:configChanges="orientation|keyboardHidden|screenSize"
217-->[com.huawei.hms:update:2.0.7.302] AndroidManifest.xml:32:13-74
218            android:exported="false"
218-->[com.huawei.hms:update:2.0.7.302] AndroidManifest.xml:33:13-37
219            android:theme="@android:style/Theme.Translucent.NoTitleBar" >
219-->[com.huawei.hms:update:2.0.7.302] AndroidManifest.xml:34:13-72
220            <meta-data
220-->[com.huawei.hms:ui:5.1.0.300] AndroidManifest.xml:18:13-20:77
221                android:name="hwc-theme"
221-->[com.huawei.hms:ui:5.1.0.300] AndroidManifest.xml:19:17-41
222                android:value="androidhwext:style/Theme.Emui.Translucent" />
222-->[com.huawei.hms:ui:5.1.0.300] AndroidManifest.xml:20:17-74
223        </activity>
224
225        <provider
225-->[com.huawei.hms:update:2.0.7.302] AndroidManifest.xml:40:9-45:20
226            android:name="com.huawei.updatesdk.fileprovider.UpdateSdkFileProvider"
226-->[com.huawei.hms:update:2.0.7.302] AndroidManifest.xml:41:13-83
227            android:authorities="com.android.lucasDemoMap.updateSdk.fileProvider"
227-->[com.huawei.hms:update:2.0.7.302] AndroidManifest.xml:42:13-74
228            android:exported="false"
228-->[com.huawei.hms:update:2.0.7.302] AndroidManifest.xml:43:13-37
229            android:grantUriPermissions="true" >
229-->[com.huawei.hms:update:2.0.7.302] AndroidManifest.xml:44:13-47
230        </provider>
231
232        <uses-library
232-->[com.huawei.android.hms:security-ssl:1.1.5.302] AndroidManifest.xml:10:9-12:40
233            android:name="org.apache.http.legacy"
233-->[com.huawei.android.hms:security-ssl:1.1.5.302] AndroidManifest.xml:11:13-50
234            android:required="false" />
234-->[com.huawei.android.hms:security-ssl:1.1.5.302] AndroidManifest.xml:12:13-37
235    </application>
236
237</manifest>